<?xml version="1.0" encoding="UTF-8"?>
<!-- Generated by org.testng.reporters.JUnitReportReporter -->
<testsuite skipped="0" hostname="Sohils-MacBook-Air.local" name="com.test.TestHello" tests="1" failures="0" timestamp="2020-02-03T19:42:24 EST" time="0.018" errors="0">
  <testcase name="mainn" time="0.018" classname="com.test.TestHello"/>
</testsuite> <!-- com.test.TestHello -->
